# JRE version: Java(TM) SE Runtime Environment (8.0_92-b14) (build 1.8.0_92-b14)
# Java VM: Java HotSpot(TM) 64-Bit Server VM (25.92-b14 mixed mode windows-amd64 compressed oops)
Heap:
 PSYoungGen      total 35840K, used 20500K [0x00000000d8300000, 0x00000000dc900000, 0x0000000100000000)
  eden space 30720K, 66% used [0x00000000d8300000,0x00000000d97050d0,0x00000000da100000)
  from space 5120K, 0% used [0x00000000da100000,0x00000000da100000,0x00000000da600000)
  to   space 5120K, 0% used [0x00000000dc400000,0x00000000dc400000,0x00000000dc900000)
 ParOldGen       total 57344K, used 6999K [0x0000000088800000, 0x000000008c000000, 0x00000000d8300000)
  object space 57344K, 12% used [0x0000000088800000,0x0000000088ed5ed0,0x000000008c000000)
 Metaspace       used 24737K, capacity 25026K, committed 25344K, reserved 1071104K
  class space    used 3165K, capacity 3275K, committed 3328K, reserved 1048576K
GC Heap History (8 events):
Event: 2.454 GC heap before
{Heap before GC invocations=1 (full 0):
 PSYoungGen      total 35840K, used 30720K [0x00000000d8300000, 0x00000000dab00000, 0x0000000100000000)
  eden space 30720K, 100% used [0x00000000d8300000,0x00000000da100000,0x00000000da100000)
  from space 5120K, 0% used [0x00000000da600000,0x00000000da600000,0x00000000dab00000)
  to   space 5120K, 0% used [0x00000000da100000,0x00000000da100000,0x00000000da600000)
 ParOldGen       total 81920K, used 0K [0x0000000088800000, 0x000000008d800000, 0x00000000d8300000)
  object space 81920K, 0% used [0x0000000088800000,0x0000000088800000,0x000000008d800000)
 Metaspace       used 11021K, capacity 11298K, committed 11520K, reserved 1058816K
  class space    used 1321K, capacity 1421K, committed 1536K, reserved 1048576K
Event: 2.466 GC heap after
Heap after GC invocations=1 (full 0):
 PSYoungGen      total 35840K, used 4184K [0x00000000d8300000, 0x00000000dab00000, 0x0000000100000000)
  eden space 30720K, 0% used [0x00000000d8300000,0x00000000d8300000,0x00000000da100000)
  from space 5120K, 81% used [0x00000000da100000,0x00000000da5160b0,0x00000000da600000)
  to   space 5120K, 0% used [0x00000000da600000,0x00000000da600000,0x00000000dab00000)
 ParOldGen       total 81920K, used 16K [0x0000000088800000, 0x000000008d800000, 0x00000000d8300000)
  object space 81920K, 0% used [0x0000000088800000,0x0000000088804000,0x000000008d800000)
 Metaspace       used 11021K, capacity 11298K, committed 11520K, reserved 1058816K
  class space    used 1321K, capacity 1421K, committed 1536K, reserved 1048576K
}
Event: 3.663 GC heap before
{Heap before GC invocations=2 (full 0):
 PSYoungGen      total 35840K, used 34904K [0x00000000d8300000, 0x00000000dab00000, 0x0000000100000000)
  eden space 30720K, 100% used [0x00000000d8300000,0x00000000da100000,0x00000000da100000)
  from space 5120K, 81% used [0x00000000da100000,0x00000000da5160b0,0x00000000da600000)
  to   space 5120K, 0% used [0x00000000da600000,0x00000000da600000,0x00000000dab00000)
 ParOldGen       total 81920K, used 16K [0x0000000088800000, 0x000000008d800000, 0x00000000d8300000)
  object space 81920K, 0% used [0x0000000088800000,0x0000000088804000,0x000000008d800000)
 Metaspace       used 18389K, capacity 18638K, committed 18944K, reserved 1067008K
  class space    used 2199K, capacity 2287K, committed 2304K, reserved 1048576K
Event: 3.679 GC heap after
Heap after GC invocations=2 (full 0):
 PSYoungGen      total 35840K, used 5093K [0x00000000d8300000, 0x00000000dab00000, 0x0000000100000000)
  eden space 30720K, 0% used [0x00000000d8300000,0x00000000d8300000,0x00000000da100000)
  from space 5120K, 99% used [0x00000000da600000,0x00000000daaf97d0,0x00000000dab00000)
  to   space 5120K, 0% used [0x00000000da100000,0x00000000da100000,0x00000000da600000)
 ParOldGen       total 81920K, used 2412K [0x0000000088800000, 0x000000008d800000, 0x00000000d8300000)
  object space 81920K, 2% used [0x0000000088800000,0x0000000088a5b390,0x000000008d800000)
 Metaspace       used 18389K, capacity 18638K, committed 18944K, reserved 1067008K
  class space    used 2199K, capacity 2287K, committed 2304K, reserved 1048576K
}
Event: 4.570 GC heap before
{Heap before GC invocations=3 (full 0):
 PSYoungGen      total 35840K, used 17535K [0x00000000d8300000, 0x00000000dab00000, 0x0000000100000000)
  eden space 30720K, 40% used [0x00000000d8300000,0x00000000d8f265b0,0x00000000da100000)
  from space 5120K, 99% used [0x00000000da600000,0x00000000daaf97d0,0x00000000dab00000)
  to   space 5120K, 0% used [0x00000000da100000,0x00000000da100000,0x00000000da600000)
 ParOldGen       total 81920K, used 2412K [0x0000000088800000, 0x000000008d800000, 0x00000000d8300000)
  object space 81920K, 2% used [0x0000000088800000,0x0000000088a5b390,0x000000008d800000)
 Metaspace       used 20859K, capacity 21100K, committed 21296K, reserved 1069056K
  class space    used 2577K, capacity 2676K, committed 2688K, reserved 1048576K
Event: 4.581 GC heap after
Heap after GC invocations=3 (full 0):
 PSYoungGen      total 35840K, used 5093K [0x00000000d8300000, 0x00000000dc900000, 0x0000000100000000)
  eden space 30720K, 0% used [0x00000000d8300000,0x00000000d8300000,0x00000000da100000)
  from space 5120K, 99% used [0x00000000da100000,0x00000000da5f97d0,0x00000000da600000)
  to   space 5120K, 0% used [0x00000000dc400000,0x00000000dc400000,0x00000000dc900000)
 ParOldGen       total 81920K, used 3542K [0x0000000088800000, 0x000000008d800000, 0x00000000d8300000)
  object space 81920K, 4% used [0x0000000088800000,0x0000000088b75b60,0x000000008d800000)
 Metaspace       used 20859K, capacity 21100K, committed 21296K, reserved 1069056K
  class space    used 2577K, capacity 2676K, committed 2688K, reserved 1048576K
}
Event: 4.581 GC heap before
{Heap before GC invocations=4 (full 1):
 PSYoungGen      total 35840K, used 5093K [0x00000000d8300000, 0x00000000dc900000, 0x0000000100000000)
  eden space 30720K, 0% used [0x00000000d8300000,0x00000000d8300000,0x00000000da100000)
  from space 5120K, 99% used [0x00000000da100000,0x00000000da5f97d0,0x00000000da600000)
  to   space 5120K, 0% used [0x00000000dc400000,0x00000000dc400000,0x00000000dc900000)
 ParOldGen       total 81920K, used 3542K [0x0000000088800000, 0x000000008d800000, 0x00000000d8300000)
  object space 81920K, 4% used [0x0000000088800000,0x0000000088b75b60,0x000000008d800000)
 Metaspace       used 20859K, capacity 21100K, committed 21296K, reserved 1069056K
  class space    used 2577K, capacity 2676K, committed 2688K, reserved 1048576K
Event: 4.636 GC heap after
Heap after GC invocations=4 (full 1):
 PSYoungGen      total 35840K, used 0K [0x00000000d8300000, 0x00000000dc900000, 0x0000000100000000)
  eden space 30720K, 0% used [0x00000000d8300000,0x00000000d8300000,0x00000000da100000)
  from space 5120K, 0% used [0x00000000da100000,0x00000000da100000,0x00000000da600000)
  to   space 5120K, 0% used [0x00000000dc400000,0x00000000dc400000,0x00000000dc900000)
 ParOldGen       total 57344K, used 6999K [0x0000000088800000, 0x000000008c000000, 0x00000000d8300000)
  object space 57344K, 12% used [0x0000000088800000,0x0000000088ed5ed0,0x000000008c000000)
 Metaspace       used 20859K, capacity 21100K, committed 21296K, reserved 1069056K
  class space    used 2577K, capacity 2676K, committed 2688K, reserved 1048576K
}

