# JRE version: Java(TM) SE Runtime Environment (8.0_92-b14) (build 1.8.0_92-b14)
# Java VM: Java HotSpot(TM) 64-Bit Server VM (25.92-b14 mixed mode windows-amd64 compressed oops)
Heap:
 PSYoungGen      total 35840K, used 17743K [0x00000000d8300000, 0x00000000dab00000, 0x0000000100000000)
  eden space 30720K, 41% used [0x00000000d8300000,0x00000000d8f5a720,0x00000000da100000)
  from space 5120K, 99% used [0x00000000da600000,0x00000000daaf97f0,0x00000000dab00000)
  to   space 5120K, 0% used [0x00000000da100000,0x00000000da100000,0x00000000da600000)
 ParOldGen       total 81920K, used 2372K [0x0000000088800000, 0x000000008d800000, 0x00000000d8300000)
  object space 81920K, 2% used [0x0000000088800000,0x0000000088a511e8,0x000000008d800000)
 Metaspace       used 20306K, capacity 20532K, committed 20864K, reserved 1067008K
  class space    used 2491K, capacity 2576K, committed 2688K, reserved 1048576K
GC Heap History (4 events):
Event: 2.401 GC heap before
{Heap before GC invocations=1 (full 0):
 PSYoungGen      total 35840K, used 30720K [0x00000000d8300000, 0x00000000dab00000, 0x0000000100000000)
  eden space 30720K, 100% used [0x00000000d8300000,0x00000000da100000,0x00000000da100000)
  from space 5120K, 0% used [0x00000000da600000,0x00000000da600000,0x00000000dab00000)
  to   space 5120K, 0% used [0x00000000da100000,0x00000000da100000,0x00000000da600000)
 ParOldGen       total 81920K, used 0K [0x0000000088800000, 0x000000008d800000, 0x00000000d8300000)
  object space 81920K, 0% used [0x0000000088800000,0x0000000088800000,0x000000008d800000)
 Metaspace       used 11020K, capacity 11298K, committed 11520K, reserved 1058816K
  class space    used 1321K, capacity 1421K, committed 1536K, reserved 1048576K
Event: 2.412 GC heap after
Heap after GC invocations=1 (full 0):
 PSYoungGen      total 35840K, used 4168K [0x00000000d8300000, 0x00000000dab00000, 0x0000000100000000)
  eden space 30720K, 0% used [0x00000000d8300000,0x00000000d8300000,0x00000000da100000)
  from space 5120K, 81% used [0x00000000da100000,0x00000000da5120a0,0x00000000da600000)
  to   space 5120K, 0% used [0x00000000da600000,0x00000000da600000,0x00000000dab00000)
 ParOldGen       total 81920K, used 16K [0x0000000088800000, 0x000000008d800000, 0x00000000d8300000)
  object space 81920K, 0% used [0x0000000088800000,0x0000000088804000,0x000000008d800000)
 Metaspace       used 11020K, capacity 11298K, committed 11520K, reserved 1058816K
  class space    used 1321K, capacity 1421K, committed 1536K, reserved 1048576K
}
Event: 3.583 GC heap before
{Heap before GC invocations=2 (full 0):
 PSYoungGen      total 35840K, used 34888K [0x00000000d8300000, 0x00000000dab00000, 0x0000000100000000)
  eden space 30720K, 100% used [0x00000000d8300000,0x00000000da100000,0x00000000da100000)
  from space 5120K, 81% used [0x00000000da100000,0x00000000da5120a0,0x00000000da600000)
  to   space 5120K, 0% used [0x00000000da600000,0x00000000da600000,0x00000000dab00000)
 ParOldGen       total 81920K, used 16K [0x0000000088800000, 0x000000008d800000, 0x00000000d8300000)
  object space 81920K, 0% used [0x0000000088800000,0x0000000088804000,0x000000008d800000)
 Metaspace       used 18367K, capacity 18574K, committed 18688K, reserved 1064960K
  class space    used 2197K, capacity 2287K, committed 2304K, reserved 1048576K
Event: 3.599 GC heap after
Heap after GC invocations=2 (full 0):
 PSYoungGen      total 35840K, used 5093K [0x00000000d8300000, 0x00000000dab00000, 0x0000000100000000)
  eden space 30720K, 0% used [0x00000000d8300000,0x00000000d8300000,0x00000000da100000)
  from space 5120K, 99% used [0x00000000da600000,0x00000000daaf97f0,0x00000000dab00000)
  to   space 5120K, 0% used [0x00000000da100000,0x00000000da100000,0x00000000da600000)
 ParOldGen       total 81920K, used 2372K [0x0000000088800000, 0x000000008d800000, 0x00000000d8300000)
  object space 81920K, 2% used [0x0000000088800000,0x0000000088a511e8,0x000000008d800000)
 Metaspace       used 18367K, capacity 18574K, committed 18688K, reserved 1064960K
  class space    used 2197K, capacity 2287K, committed 2304K, reserved 1048576K
}

